{"/home/node/.openclaw/workspace/coinone-skill/src/index.ts": {"path":"/home/node/.openclaw/workspace/coinone-skill/src/index.ts","statementMap":{},"fnMap":{},"branchMap":{},"s":{},"f":{},"b":{},"meta":{"lastBranch":0,"lastFunction":0,"lastStatement":0,"seen":{}}}
,"/home/node/.openclaw/workspace/coinone-skill/src/trading.ts": {"path":"/home/node/.openclaw/workspace/coinone-skill/src/trading.ts","statementMap":{"0":{"start":{"line":19,"column":1},"end":{"line":19,"column":null}},"1":{"start":{"line":23,"column":14},"end":{"line":23,"column":null}},"2":{"start":{"line":24,"column":14},"end":{"line":24,"column":null}},"3":{"start":{"line":26,"column":17},"end":{"line":26,"column":null}},"4":{"start":{"line":27,"column":17},"end":{"line":27,"column":null}},"5":{"start":{"line":29,"column":16},"end":{"line":29,"column":null}},"6":{"start":{"line":31,"column":2},"end":{"line":31,"column":null}},"7":{"start":{"line":33,"column":18},"end":{"line":33,"column":null}},"8":{"start":{"line":33,"column":42},"end":{"line":33,"column":65}},"9":{"start":{"line":34,"column":18},"end":{"line":34,"column":null}},"10":{"start":{"line":34,"column":42},"end":{"line":34,"column":65}},"11":{"start":{"line":37,"column":2},"end":{"line":37,"column":null}},"12":{"start":{"line":39,"column":1},"end":{"line":39,"column":null}},"13":{"start":{"line":53,"column":17},"end":{"line":53,"column":null}},"14":{"start":{"line":54,"column":17},"end":{"line":54,"column":null}},"15":{"start":{"line":56,"column":1},"end":{"line":65,"column":null}},"16":{"start":{"line":57,"column":20},"end":{"line":57,"column":null}},"17":{"start":{"line":58,"column":16},"end":{"line":58,"column":null}},"18":{"start":{"line":59,"column":21},"end":{"line":59,"column":null}},"19":{"start":{"line":61,"column":2},"end":{"line":61,"column":null}},"20":{"start":{"line":62,"column":2},"end":{"line":62,"column":null}},"21":{"start":{"line":64,"column":2},"end":{"line":64,"column":null}},"22":{"start":{"line":64,"column":24},"end":{"line":64,"column":null}},"23":{"start":{"line":67,"column":22},"end":{"line":67,"column":null}},"24":{"start":{"line":68,"column":14},"end":{"line":68,"column":null}},"25":{"start":{"line":69,"column":25},"end":{"line":69,"column":null}},"26":{"start":{"line":71,"column":1},"end":{"line":71,"column":null}},"27":{"start":{"line":77,"column":1},"end":{"line":77,"column":null}},"28":{"start":{"line":81,"column":1},"end":{"line":81,"column":null}},"29":{"start":{"line":81,"column":26},"end":{"line":81,"column":null}},"30":{"start":{"line":82,"column":19},"end":{"line":82,"column":null}},"31":{"start":{"line":83,"column":20},"end":{"line":83,"column":null}},"32":{"start":{"line":84,"column":19},"end":{"line":84,"column":null}},"33":{"start":{"line":85,"column":1},"end":{"line":85,"column":null}},"34":{"start":{"line":86,"column":1},"end":{"line":86,"column":null}},"35":{"start":{"line":99,"column":27},"end":{"line":99,"column":null}},"36":{"start":{"line":100,"column":1},"end":{"line":100,"column":null}},"37":{"start":{"line":100,"column":33},"end":{"line":100,"column":null}},"38":{"start":{"line":101,"column":1},"end":{"line":101,"column":null}},"39":{"start":{"line":101,"column":32},"end":{"line":101,"column":null}},"40":{"start":{"line":102,"column":1},"end":{"line":102,"column":null}},"41":{"start":{"line":106,"column":1},"end":{"line":106,"column":null}},"42":{"start":{"line":106,"column":24},"end":{"line":106,"column":null}},"43":{"start":{"line":107,"column":1},"end":{"line":107,"column":null}}},"fnMap":{"0":{"name":"toNumber","decl":{"start":{"line":18,"column":9},"end":{"line":18,"column":18}},"loc":{"start":{"line":18,"column":50},"end":{"line":20,"column":null}},"line":18},"1":{"name":"analyzeMarket","decl":{"start":{"line":22,"column":16},"end":{"line":22,"column":30}},"loc":{"start":{"line":22,"column":68},"end":{"line":40,"column":null}},"line":22},"2":{"name":"(anonymous_2)","decl":{"start":{"line":33,"column":30},"end":{"line":33,"column":31}},"loc":{"start":{"line":33,"column":42},"end":{"line":33,"column":65}},"line":33},"3":{"name":"(anonymous_3)","decl":{"start":{"line":34,"column":30},"end":{"line":34,"column":31}},"loc":{"start":{"line":34,"column":42},"end":{"line":34,"column":65}},"line":34},"4":{"name":"calculateSlippage","decl":{"start":{"line":48,"column":16},"end":{"line":48,"column":null}},"loc":{"start":{"line":52,"column":18},"end":{"line":72,"column":null}},"line":52},"5":{"name":"recommendOrderType","decl":{"start":{"line":76,"column":16},"end":{"line":76,"column":35}},"loc":{"start":{"line":76,"column":88},"end":{"line":78,"column":null}},"line":76},"6":{"name":"splitOrder","decl":{"start":{"line":80,"column":16},"end":{"line":80,"column":27}},"loc":{"start":{"line":80,"column":79},"end":{"line":87,"column":null}},"line":80},"7":{"name":"checkRisk","decl":{"start":{"line":95,"column":16},"end":{"line":95,"column":26}},"loc":{"start":{"line":98,"column":2},"end":{"line":103,"column":null}},"line":98},"8":{"name":"maxBuyableQty","decl":{"start":{"line":105,"column":16},"end":{"line":105,"column":30}},"loc":{"start":{"line":105,"column":82},"end":{"line":108,"column":null}},"line":105}},"branchMap":{"0":{"loc":{"start":{"line":19,"column":8},"end":{"line":19,"column":null}},"type":"cond-expr","locations":[{"start":{"line":19,"column":36},"end":{"line":19,"column":56}},{"start":{"line":19,"column":56},"end":{"line":19,"column":null}}],"line":19},"1":{"loc":{"start":{"line":23,"column":14},"end":{"line":23,"column":null}},"type":"binary-expr","locations":[{"start":{"line":23,"column":14},"end":{"line":23,"column":32}},{"start":{"line":23,"column":32},"end":{"line":23,"column":null}}],"line":23},"2":{"loc":{"start":{"line":24,"column":14},"end":{"line":24,"column":null}},"type":"binary-expr","locations":[{"start":{"line":24,"column":14},"end":{"line":24,"column":32}},{"start":{"line":24,"column":32},"end":{"line":24,"column":null}}],"line":24},"3":{"loc":{"start":{"line":26,"column":17},"end":{"line":26,"column":null}},"type":"cond-expr","locations":[{"start":{"line":26,"column":35},"end":{"line":26,"column":61}},{"start":{"line":26,"column":61},"end":{"line":26,"column":null}}],"line":26},"4":{"loc":{"start":{"line":27,"column":17},"end":{"line":27,"column":null}},"type":"cond-expr","locations":[{"start":{"line":27,"column":35},"end":{"line":27,"column":61}},{"start":{"line":27,"column":61},"end":{"line":27,"column":null}}],"line":27},"5":{"loc":{"start":{"line":29,"column":16},"end":{"line":29,"column":null}},"type":"cond-expr","locations":[{"start":{"line":29,"column":55},"end":{"line":29,"column":75}},{"start":{"line":29,"column":75},"end":{"line":29,"column":null}}],"line":29},"6":{"loc":{"start":{"line":29,"column":16},"end":{"line":29,"column":55}},"type":"binary-expr","locations":[{"start":{"line":29,"column":16},"end":{"line":29,"column":36}},{"start":{"line":29,"column":36},"end":{"line":29,"column":55}}],"line":29},"7":{"loc":{"start":{"line":31,"column":2},"end":{"line":31,"column":null}},"type":"cond-expr","locations":[{"start":{"line":31,"column":58},"end":{"line":31,"column":84}},{"start":{"line":31,"column":84},"end":{"line":31,"column":null}}],"line":31},"8":{"loc":{"start":{"line":31,"column":2},"end":{"line":31,"column":58}},"type":"binary-expr","locations":[{"start":{"line":31,"column":2},"end":{"line":31,"column":21}},{"start":{"line":31,"column":21},"end":{"line":31,"column":41}},{"start":{"line":31,"column":41},"end":{"line":31,"column":58}}],"line":31},"9":{"loc":{"start":{"line":37,"column":2},"end":{"line":37,"column":null}},"type":"cond-expr","locations":[{"start":{"line":37,"column":24},"end":{"line":37,"column":76}},{"start":{"line":37,"column":76},"end":{"line":37,"column":null}}],"line":37},"10":{"loc":{"start":{"line":64,"column":2},"end":{"line":64,"column":null}},"type":"if","locations":[{"start":{"line":64,"column":2},"end":{"line":64,"column":null}},{"start":{},"end":{}}],"line":64},"11":{"loc":{"start":{"line":67,"column":22},"end":{"line":67,"column":null}},"type":"cond-expr","locations":[{"start":{"line":67,"column":38},"end":{"line":67,"column":62}},{"start":{"line":67,"column":62},"end":{"line":67,"column":null}}],"line":67},"12":{"loc":{"start":{"line":68,"column":14},"end":{"line":68,"column":null}},"type":"binary-expr","locations":[{"start":{"line":68,"column":14},"end":{"line":68,"column":28}},{"start":{"line":68,"column":28},"end":{"line":68,"column":null}}],"line":68},"13":{"loc":{"start":{"line":68,"column":28},"end":{"line":68,"column":null}},"type":"cond-expr","locations":[{"start":{"line":68,"column":40},"end":{"line":68,"column":68}},{"start":{"line":68,"column":68},"end":{"line":68,"column":null}}],"line":68},"14":{"loc":{"start":{"line":69,"column":25},"end":{"line":69,"column":null}},"type":"cond-expr","locations":[{"start":{"line":69,"column":32},"end":{"line":69,"column":75}},{"start":{"line":69,"column":75},"end":{"line":69,"column":null}}],"line":69},"15":{"loc":{"start":{"line":77,"column":8},"end":{"line":77,"column":null}},"type":"cond-expr","locations":[{"start":{"line":77,"column":36},"end":{"line":77,"column":46}},{"start":{"line":77,"column":46},"end":{"line":77,"column":null}}],"line":77},"16":{"loc":{"start":{"line":81,"column":1},"end":{"line":81,"column":null}},"type":"if","locations":[{"start":{"line":81,"column":1},"end":{"line":81,"column":null}},{"start":{},"end":{}}],"line":81},"17":{"loc":{"start":{"line":85,"column":37},"end":{"line":85,"column":null}},"type":"binary-expr","locations":[{"start":{"line":85,"column":37},"end":{"line":85,"column":50}},{"start":{"line":85,"column":50},"end":{"line":85,"column":null}}],"line":85},"18":{"loc":{"start":{"line":95,"column":55},"end":{"line":95,"column":71}},"type":"default-arg","locations":[{"start":{"line":95,"column":69},"end":{"line":95,"column":71}}],"line":95},"19":{"loc":{"start":{"line":100,"column":1},"end":{"line":100,"column":null}},"type":"if","locations":[{"start":{"line":100,"column":1},"end":{"line":100,"column":null}},{"start":{},"end":{}}],"line":100},"20":{"loc":{"start":{"line":101,"column":1},"end":{"line":101,"column":null}},"type":"if","locations":[{"start":{"line":101,"column":1},"end":{"line":101,"column":null}},{"start":{},"end":{}}],"line":101},"21":{"loc":{"start":{"line":106,"column":1},"end":{"line":106,"column":null}},"type":"if","locations":[{"start":{"line":106,"column":1},"end":{"line":106,"column":null}},{"start":{},"end":{}}],"line":106}},"s":{"0":55,"1":7,"2":7,"3":7,"4":7,"5":7,"6":7,"7":7,"8":11,"9":7,"10":10,"11":7,"12":7,"13":3,"14":3,"15":3,"16":9,"17":9,"18":9,"19":9,"20":9,"21":9,"22":3,"23":3,"24":3,"25":3,"26":3,"27":4,"28":1,"29":0,"30":1,"31":1,"32":1,"33":1,"34":1,"35":5,"36":5,"37":2,"38":5,"39":2,"40":5,"41":2,"42":0,"43":2},"f":{"0":55,"1":7,"2":11,"3":10,"4":3,"5":4,"6":1,"7":5,"8":2},"b":{"0":[55,0],"1":[7,0],"2":[7,0],"3":[7,0],"4":[7,0],"5":[7,0],"6":[7,7],"7":[7,0],"8":[7,7,7],"9":[7,0],"10":[3,6],"11":[3,0],"12":[3,2],"13":[2,0],"14":[3,0],"15":[2,2],"16":[0,1],"17":[1,1],"18":[5],"19":[2,3],"20":[2,3],"21":[0,2]},"meta":{"lastBranch":22,"lastFunction":9,"lastStatement":44,"seen":{"f:18:9:18:18":0,"s:19:1:19:Infinity":0,"b:19:36:19:56:19:56:19:Infinity":0,"f:22:16:22:30":1,"s:23:14:23:Infinity":1,"b:23:14:23:32:23:32:23:Infinity":1,"s:24:14:24:Infinity":2,"b:24:14:24:32:24:32:24:Infinity":2,"s:26:17:26:Infinity":3,"b:26:35:26:61:26:61:26:Infinity":3,"s:27:17:27:Infinity":4,"b:27:35:27:61:27:61:27:Infinity":4,"s:29:16:29:Infinity":5,"b:29:55:29:75:29:75:29:Infinity":5,"b:29:16:29:36:29:36:29:55":6,"s:31:2:31:Infinity":6,"b:31:58:31:84:31:84:31:Infinity":7,"b:31:2:31:21:31:21:31:41:31:41:31:58":8,"s:33:18:33:Infinity":7,"f:33:30:33:31":2,"s:33:42:33:65":8,"s:34:18:34:Infinity":9,"f:34:30:34:31":3,"s:34:42:34:65":10,"s:37:2:37:Infinity":11,"b:37:24:37:76:37:76:37:Infinity":9,"s:39:1:39:Infinity":12,"f:48:16:48:Infinity":4,"s:53:17:53:Infinity":13,"s:54:17:54:Infinity":14,"s:56:1:65:Infinity":15,"s:57:20:57:Infinity":16,"s:58:16:58:Infinity":17,"s:59:21:59:Infinity":18,"s:61:2:61:Infinity":19,"s:62:2:62:Infinity":20,"b:64:2:64:Infinity:undefined:undefined:undefined:undefined":10,"s:64:2:64:Infinity":21,"s:64:24:64:Infinity":22,"s:67:22:67:Infinity":23,"b:67:38:67:62:67:62:67:Infinity":11,"s:68:14:68:Infinity":24,"b:68:14:68:28:68:28:68:Infinity":12,"b:68:40:68:68:68:68:68:Infinity":13,"s:69:25:69:Infinity":25,"b:69:32:69:75:69:75:69:Infinity":14,"s:71:1:71:Infinity":26,"f:76:16:76:35":5,"s:77:1:77:Infinity":27,"b:77:36:77:46:77:46:77:Infinity":15,"f:80:16:80:27":6,"b:81:1:81:Infinity:undefined:undefined:undefined:undefined":16,"s:81:1:81:Infinity":28,"s:81:26:81:Infinity":29,"s:82:19:82:Infinity":30,"s:83:20:83:Infinity":31,"s:84:19:84:Infinity":32,"s:85:1:85:Infinity":33,"b:85:37:85:50:85:50:85:Infinity":17,"s:86:1:86:Infinity":34,"f:95:16:95:26":7,"b:95:69:95:71":18,"s:99:27:99:Infinity":35,"b:100:1:100:Infinity:undefined:undefined:undefined:undefined":19,"s:100:1:100:Infinity":36,"s:100:33:100:Infinity":37,"b:101:1:101:Infinity:undefined:undefined:undefined:undefined":20,"s:101:1:101:Infinity":38,"s:101:32:101:Infinity":39,"s:102:1:102:Infinity":40,"f:105:16:105:30":8,"b:106:1:106:Infinity:undefined:undefined:undefined:undefined":21,"s:106:1:106:Infinity":41,"s:106:24:106:Infinity":42,"s:107:1:107:Infinity":43}}}
,"/home/node/.openclaw/workspace/coinone-skill/src/api/private.ts": {"path":"/home/node/.openclaw/workspace/coinone-skill/src/api/private.ts","statementMap":{"0":{"start":{"line":9,"column":17},"end":{"line":9,"column":null}},"1":{"start":{"line":46,"column":27},"end":{"line":50,"column":null}},"2":{"start":{"line":52,"column":25},"end":{"line":52,"column":null}},"3":{"start":{"line":53,"column":8},"end":{"line":55,"column":null}},"4":{"start":{"line":57,"column":2},"end":{"line":61,"column":null}},"5":{"start":{"line":68,"column":18},"end":{"line":68,"column":null}},"6":{"start":{"line":69,"column":18},"end":{"line":69,"column":null}},"7":{"start":{"line":71,"column":19},"end":{"line":74,"column":null}},"8":{"start":{"line":76,"column":15},"end":{"line":76,"column":null}},"9":{"start":{"line":78,"column":2},"end":{"line":80,"column":null}},"10":{"start":{"line":79,"column":4},"end":{"line":79,"column":null}},"11":{"start":{"line":82,"column":2},"end":{"line":82,"column":null}},"12":{"start":{"line":92,"column":43},"end":{"line":97,"column":null}},"13":{"start":{"line":99,"column":2},"end":{"line":99,"column":null}},"14":{"start":{"line":99,"column":19},"end":{"line":99,"column":null}},"15":{"start":{"line":100,"column":2},"end":{"line":100,"column":null}},"16":{"start":{"line":100,"column":17},"end":{"line":100,"column":null}},"17":{"start":{"line":101,"column":2},"end":{"line":101,"column":null}},"18":{"start":{"line":101,"column":20},"end":{"line":101,"column":null}},"19":{"start":{"line":102,"column":2},"end":{"line":102,"column":null}},"20":{"start":{"line":102,"column":36},"end":{"line":102,"column":null}},"21":{"start":{"line":103,"column":2},"end":{"line":103,"column":null}},"22":{"start":{"line":103,"column":26},"end":{"line":103,"column":null}},"23":{"start":{"line":105,"column":18},"end":{"line":105,"column":null}},"24":{"start":{"line":107,"column":19},"end":{"line":110,"column":null}},"25":{"start":{"line":112,"column":2},"end":{"line":112,"column":null}},"26":{"start":{"line":124,"column":18},"end":{"line":128,"column":null}},"27":{"start":{"line":130,"column":18},"end":{"line":130,"column":null}},"28":{"start":{"line":132,"column":19},"end":{"line":135,"column":null}},"29":{"start":{"line":137,"column":2},"end":{"line":137,"column":null}}},"fnMap":{"0":{"name":"createAuthHeaders","decl":{"start":{"line":42,"column":9},"end":{"line":42,"column":null}},"loc":{"start":{"line":45,"column":90},"end":{"line":62,"column":null}},"line":45},"1":{"name":"getBalance","decl":{"start":{"line":67,"column":22},"end":{"line":67,"column":33}},"loc":{"start":{"line":67,"column":100},"end":{"line":83,"column":null}},"line":67},"2":{"name":"placeOrder","decl":{"start":{"line":88,"column":22},"end":{"line":88,"column":null}},"loc":{"start":{"line":91,"column":26},"end":{"line":113,"column":null}},"line":91},"3":{"name":"cancelOrder","decl":{"start":{"line":118,"column":22},"end":{"line":118,"column":null}},"loc":{"start":{"line":123,"column":26},"end":{"line":138,"column":null}},"line":123}},"branchMap":{"0":{"loc":{"start":{"line":78,"column":2},"end":{"line":80,"column":null}},"type":"if","locations":[{"start":{"line":78,"column":2},"end":{"line":80,"column":null}},{"start":{},"end":{}}],"line":78},"1":{"loc":{"start":{"line":99,"column":2},"end":{"line":99,"column":null}},"type":"if","locations":[{"start":{"line":99,"column":2},"end":{"line":99,"column":null}},{"start":{},"end":{}}],"line":99},"2":{"loc":{"start":{"line":100,"column":2},"end":{"line":100,"column":null}},"type":"if","locations":[{"start":{"line":100,"column":2},"end":{"line":100,"column":null}},{"start":{},"end":{}}],"line":100},"3":{"loc":{"start":{"line":101,"column":2},"end":{"line":101,"column":null}},"type":"if","locations":[{"start":{"line":101,"column":2},"end":{"line":101,"column":null}},{"start":{},"end":{}}],"line":101},"4":{"loc":{"start":{"line":102,"column":2},"end":{"line":102,"column":null}},"type":"if","locations":[{"start":{"line":102,"column":2},"end":{"line":102,"column":null}},{"start":{},"end":{}}],"line":102},"5":{"loc":{"start":{"line":103,"column":2},"end":{"line":103,"column":null}},"type":"if","locations":[{"start":{"line":103,"column":2},"end":{"line":103,"column":null}},{"start":{},"end":{}}],"line":103}},"s":{"0":2,"1":8,"2":8,"3":8,"4":8,"5":3,"6":3,"7":3,"8":3,"9":3,"10":1,"11":2,"12":4,"13":4,"14":3,"15":4,"16":4,"17":4,"18":0,"19":4,"20":1,"21":4,"22":1,"23":4,"24":4,"25":4,"26":1,"27":1,"28":1,"29":1},"f":{"0":8,"1":3,"2":4,"3":1},"b":{"0":[1,2],"1":[3,1],"2":[4,0],"3":[0,4],"4":[1,3],"5":[1,3]},"meta":{"lastBranch":6,"lastFunction":4,"lastStatement":30,"seen":{"s:9:17:9:Infinity":0,"f:42:9:42:Infinity":0,"s:46:27:50:Infinity":1,"s:52:25:52:Infinity":2,"s:53:8:55:Infinity":3,"s:57:2:61:Infinity":4,"f:67:22:67:33":1,"s:68:18:68:Infinity":5,"s:69:18:69:Infinity":6,"s:71:19:74:Infinity":7,"s:76:15:76:Infinity":8,"b:78:2:80:Infinity:undefined:undefined:undefined:undefined":0,"s:78:2:80:Infinity":9,"s:79:4:79:Infinity":10,"s:82:2:82:Infinity":11,"f:88:22:88:Infinity":2,"s:92:43:97:Infinity":12,"b:99:2:99:Infinity:undefined:undefined:undefined:undefined":1,"s:99:2:99:Infinity":13,"s:99:19:99:Infinity":14,"b:100:2:100:Infinity:undefined:undefined:undefined:undefined":2,"s:100:2:100:Infinity":15,"s:100:17:100:Infinity":16,"b:101:2:101:Infinity:undefined:undefined:undefined:undefined":3,"s:101:2:101:Infinity":17,"s:101:20:101:Infinity":18,"b:102:2:102:Infinity:undefined:undefined:undefined:undefined":4,"s:102:2:102:Infinity":19,"s:102:36:102:Infinity":20,"b:103:2:103:Infinity:undefined:undefined:undefined:undefined":5,"s:103:2:103:Infinity":21,"s:103:26:103:Infinity":22,"s:105:18:105:Infinity":23,"s:107:19:110:Infinity":24,"s:112:2:112:Infinity":25,"f:118:22:118:Infinity":3,"s:124:18:128:Infinity":26,"s:130:18:130:Infinity":27,"s:132:19:135:Infinity":28,"s:137:2:137:Infinity":29}}}
,"/home/node/.openclaw/workspace/coinone-skill/src/api/public.ts": {"path":"/home/node/.openclaw/workspace/coinone-skill/src/api/public.ts","statementMap":{"0":{"start":{"line":6,"column":17},"end":{"line":6,"column":null}},"1":{"start":{"line":37,"column":14},"end":{"line":37,"column":null}},"2":{"start":{"line":38,"column":19},"end":{"line":38,"column":null}},"3":{"start":{"line":39,"column":15},"end":{"line":39,"column":null}},"4":{"start":{"line":41,"column":2},"end":{"line":43,"column":null}},"5":{"start":{"line":42,"column":4},"end":{"line":42,"column":null}},"6":{"start":{"line":45,"column":2},"end":{"line":45,"column":null}},"7":{"start":{"line":52,"column":14},"end":{"line":52,"column":null}},"8":{"start":{"line":53,"column":19},"end":{"line":53,"column":null}},"9":{"start":{"line":54,"column":15},"end":{"line":54,"column":null}},"10":{"start":{"line":56,"column":2},"end":{"line":58,"column":null}},"11":{"start":{"line":57,"column":4},"end":{"line":57,"column":null}},"12":{"start":{"line":60,"column":2},"end":{"line":60,"column":null}},"13":{"start":{"line":71,"column":14},"end":{"line":71,"column":null}},"14":{"start":{"line":72,"column":19},"end":{"line":72,"column":null}},"15":{"start":{"line":73,"column":15},"end":{"line":73,"column":null}},"16":{"start":{"line":75,"column":2},"end":{"line":77,"column":null}},"17":{"start":{"line":76,"column":4},"end":{"line":76,"column":null}},"18":{"start":{"line":79,"column":2},"end":{"line":79,"column":null}}},"fnMap":{"0":{"name":"getTicker","decl":{"start":{"line":36,"column":22},"end":{"line":36,"column":32}},"loc":{"start":{"line":36,"column":96},"end":{"line":46,"column":null}},"line":36},"1":{"name":"getAllTickers","decl":{"start":{"line":51,"column":22},"end":{"line":51,"column":36}},"loc":{"start":{"line":51,"column":78},"end":{"line":61,"column":null}},"line":51},"2":{"name":"getOrderbook","decl":{"start":{"line":66,"column":22},"end":{"line":66,"column":null}},"loc":{"start":{"line":70,"column":22},"end":{"line":80,"column":null}},"line":70}},"branchMap":{"0":{"loc":{"start":{"line":36,"column":56},"end":{"line":36,"column":96}},"type":"default-arg","locations":[{"start":{"line":36,"column":72},"end":{"line":36,"column":96}}],"line":36},"1":{"loc":{"start":{"line":41,"column":2},"end":{"line":43,"column":null}},"type":"if","locations":[{"start":{"line":41,"column":2},"end":{"line":43,"column":null}},{"start":{},"end":{}}],"line":41},"2":{"loc":{"start":{"line":51,"column":36},"end":{"line":51,"column":78}},"type":"default-arg","locations":[{"start":{"line":51,"column":52},"end":{"line":51,"column":78}}],"line":51},"3":{"loc":{"start":{"line":56,"column":2},"end":{"line":58,"column":null}},"type":"if","locations":[{"start":{"line":56,"column":2},"end":{"line":58,"column":null}},{"start":{},"end":{}}],"line":56},"4":{"loc":{"start":{"line":68,"column":2},"end":{"line":68,"column":null}},"type":"default-arg","locations":[{"start":{"line":68,"column":18},"end":{"line":68,"column":null}}],"line":68},"5":{"loc":{"start":{"line":69,"column":2},"end":{"line":69,"column":null}},"type":"default-arg","locations":[{"start":{"line":69,"column":27},"end":{"line":69,"column":null}}],"line":69},"6":{"loc":{"start":{"line":75,"column":2},"end":{"line":77,"column":null}},"type":"if","locations":[{"start":{"line":75,"column":2},"end":{"line":77,"column":null}},{"start":{},"end":{}}],"line":75}},"s":{"0":2,"1":3,"2":3,"3":3,"4":3,"5":1,"6":2,"7":1,"8":1,"9":1,"10":1,"11":0,"12":1,"13":3,"14":3,"15":3,"16":3,"17":0,"18":3},"f":{"0":3,"1":1,"2":3},"b":{"0":[3],"1":[1,2],"2":[1],"3":[0,1],"4":[3],"5":[3],"6":[0,3]},"meta":{"lastBranch":7,"lastFunction":3,"lastStatement":19,"seen":{"s:6:17:6:Infinity":0,"f:36:22:36:32":0,"b:36:72:36:96":0,"s:37:14:37:Infinity":1,"s:38:19:38:Infinity":2,"s:39:15:39:Infinity":3,"b:41:2:43:Infinity:undefined:undefined:undefined:undefined":1,"s:41:2:43:Infinity":4,"s:42:4:42:Infinity":5,"s:45:2:45:Infinity":6,"f:51:22:51:36":1,"b:51:52:51:78":2,"s:52:14:52:Infinity":7,"s:53:19:53:Infinity":8,"s:54:15:54:Infinity":9,"b:56:2:58:Infinity:undefined:undefined:undefined:undefined":3,"s:56:2:58:Infinity":10,"s:57:4:57:Infinity":11,"s:60:2:60:Infinity":12,"f:66:22:66:Infinity":2,"b:68:18:68:Infinity":4,"b:69:27:69:Infinity":5,"s:71:14:71:Infinity":13,"s:72:19:72:Infinity":14,"s:73:15:73:Infinity":15,"b:75:2:77:Infinity:undefined:undefined:undefined:undefined":6,"s:75:2:77:Infinity":16,"s:76:4:76:Infinity":17,"s:79:2:79:Infinity":18}}}
}
