TN:
SF:src/index.ts
FNF:0
FNH:0
LF:0
LH:0
BRF:0
BRH:0
end_of_record
TN:
SF:src/trading.ts
FN:18,toNumber
FN:22,analyzeMarket
FN:33,(anonymous_2)
FN:34,(anonymous_3)
FN:48,calculateSlippage
FN:76,recommendOrderType
FN:80,splitOrder
FN:95,checkRisk
FN:105,maxBuyableQty
FNF:9
FNH:9
FNDA:55,toNumber
FNDA:7,analyzeMarket
FNDA:11,(anonymous_2)
FNDA:10,(anonymous_3)
FNDA:3,calculateSlippage
FNDA:4,recommendOrderType
FNDA:1,splitOrder
FNDA:5,checkRisk
FNDA:2,maxBuyableQty
DA:19,55
DA:23,7
DA:24,7
DA:26,7
DA:27,7
DA:29,7
DA:31,7
DA:33,11
DA:34,10
DA:37,7
DA:39,7
DA:53,3
DA:54,3
DA:56,3
DA:57,9
DA:58,9
DA:59,9
DA:61,9
DA:62,9
DA:64,9
DA:67,3
DA:68,3
DA:69,3
DA:71,3
DA:77,4
DA:81,1
DA:82,1
DA:83,1
DA:84,1
DA:85,1
DA:86,1
DA:99,5
DA:100,5
DA:101,5
DA:102,5
DA:106,2
DA:107,2
LF:37
LH:37
BRDA:19,0,0,55
BRDA:19,0,1,0
BRDA:23,1,0,7
BRDA:23,1,1,0
BRDA:24,2,0,7
BRDA:24,2,1,0
BRDA:26,3,0,7
BRDA:26,3,1,0
BRDA:27,4,0,7
BRDA:27,4,1,0
BRDA:29,5,0,7
BRDA:29,5,1,0
BRDA:29,6,0,7
BRDA:29,6,1,7
BRDA:31,7,0,7
BRDA:31,7,1,0
BRDA:31,8,0,7
BRDA:31,8,1,7
BRDA:31,8,2,7
BRDA:37,9,0,7
BRDA:37,9,1,0
BRDA:64,10,0,3
BRDA:64,10,1,6
BRDA:67,11,0,3
BRDA:67,11,1,0
BRDA:68,12,0,3
BRDA:68,12,1,2
BRDA:68,13,0,2
BRDA:68,13,1,0
BRDA:69,14,0,3
BRDA:69,14,1,0
BRDA:77,15,0,2
BRDA:77,15,1,2
BRDA:81,16,0,0
BRDA:81,16,1,1
BRDA:85,17,0,1
BRDA:85,17,1,1
BRDA:95,18,0,5
BRDA:100,19,0,2
BRDA:100,19,1,3
BRDA:101,20,0,2
BRDA:101,20,1,3
BRDA:106,21,0,0
BRDA:106,21,1,2
BRF:44
BRH:31
end_of_record
TN:
SF:src/api/private.ts
FN:42,createAuthHeaders
FN:67,getBalance
FN:88,placeOrder
FN:118,cancelOrder
FNF:4
FNH:4
FNDA:8,createAuthHeaders
FNDA:3,getBalance
FNDA:4,placeOrder
FNDA:1,cancelOrder
DA:9,2
DA:46,8
DA:52,8
DA:53,8
DA:57,8
DA:68,3
DA:69,3
DA:71,3
DA:76,3
DA:78,3
DA:79,1
DA:82,2
DA:92,4
DA:99,4
DA:100,4
DA:101,4
DA:102,4
DA:103,4
DA:105,4
DA:107,4
DA:112,4
DA:124,1
DA:130,1
DA:132,1
DA:137,1
LF:25
LH:25
BRDA:78,0,0,1
BRDA:78,0,1,2
BRDA:99,1,0,3
BRDA:99,1,1,1
BRDA:100,2,0,4
BRDA:100,2,1,0
BRDA:101,3,0,0
BRDA:101,3,1,4
BRDA:102,4,0,1
BRDA:102,4,1,3
BRDA:103,5,0,1
BRDA:103,5,1,3
BRF:12
BRH:10
end_of_record
TN:
SF:src/api/public.ts
FN:36,getTicker
FN:51,getAllTickers
FN:66,getOrderbook
FNF:3
FNH:3
FNDA:3,getTicker
FNDA:1,getAllTickers
FNDA:3,getOrderbook
DA:6,2
DA:37,3
DA:38,3
DA:39,3
DA:41,3
DA:42,1
DA:45,2
DA:52,1
DA:53,1
DA:54,1
DA:56,1
DA:57,0
DA:60,1
DA:71,3
DA:72,3
DA:73,3
DA:75,3
DA:76,0
DA:79,3
LF:19
LH:17
BRDA:36,0,0,3
BRDA:41,1,0,1
BRDA:41,1,1,2
BRDA:51,2,0,1
BRDA:56,3,0,0
BRDA:56,3,1,1
BRDA:68,4,0,3
BRDA:69,5,0,3
BRDA:75,6,0,0
BRDA:75,6,1,3
BRF:10
BRH:8
end_of_record
